<?xml version="1.0" encoding="UTF-8"?>
<testng-results skipped="0" failed="0" ignored="0" total="1" passed="1">
  <reporter-output>
  </reporter-output>
  <suite name="Suite" duration-ms="242717" started-at="2019-04-03T10:30:51Z" finished-at="2019-04-03T10:34:54Z">
    <groups>
    </groups>
    <test name="Test" duration-ms="242717" started-at="2019-04-03T10:30:51Z" finished-at="2019-04-03T10:34:54Z">
      <class name="Autotest.Khaddi.RegistrationTest">
        <test-method status="PASS" signature="beforeMethod()[pri:0, instance:Autotest.Khaddi.RegistrationTest@523884b2]" name="beforeMethod" is-config="true" duration-ms="47155" started-at="2019-04-03T10:30:51Z" finished-at="2019-04-03T10:31:38Z">
          <reporter-output>
          </reporter-output>
        </test-method> <!-- beforeMethod -->
        <test-method status="PASS" signature="f()[pri:1, instance:Autotest.Khaddi.RegistrationTest@523884b2]" name="f" duration-ms="195540" started-at="2019-04-03T10:31:38Z" finished-at="2019-04-03T10:34:54Z">
          <reporter-output>
          </reporter-output>
        </test-method> <!-- f -->
        <test-method status="PASS" signature="afterMethod()[pri:0, instance:Autotest.Khaddi.RegistrationTest@523884b2]" name="afterMethod" is-config="true" duration-ms="1" started-at="2019-04-03T10:34:54Z" finished-at="2019-04-03T10:34:54Z">
          <reporter-output>
          </reporter-output>
        </test-method> <!-- afterMethod -->
      </class> <!-- Autotest.Khaddi.RegistrationTest -->
    </test> <!-- Test -->
  </suite> <!-- Suite -->
</testng-results>
